Using pre-set license
Built from '2020.2/staging' branch; Version is '2020.2.6f1 (8a2143876886) revision 9052483'; Using compiler version '192528614'; Build Type 'Release'
OS: 'Windows 10 Home; OS build 19043.1526; Version 2009; 64bit' Language: 'en' Physical Memory: 16335 MB
BatchMode: 1, IsHumanControllingUs: 0, StartBugReporterOnCrash: 0, Is64bit: 1, IsPro: 0

 COMMAND LINE ARGUMENTS:
C:\Program Files\Unity\Hub\Editor\2020.2.6f1\Editor\Unity.exe
-adb2
-batchMode
-noUpm
-name
AssetImportWorker0
-projectPath
D:/Unity Projects/Acrado 2.0
-logFile
Logs/AssetImportWorker0.log
-srvPort
62901
Successfully changed project path to: D:/Unity Projects/Acrado 2.0
D:/Unity Projects/Acrado 2.0
Using Asset Import Pipeline V2.
Refreshing native plugins compatible for Editor in 45.58 ms, found 1 plugins.
Preloading 0 native plugins for Editor in 0.00 ms.
Initialize engine version: 2020.2.6f1 (8a2143876886)
[Subsystems] Discovering subsystems at path C:/Program Files/Unity/Hub/Editor/2020.2.6f1/Editor/Data/Resources/UnitySubsystems
[Subsystems] Discovering subsystems at path D:/Unity Projects/Acrado 2.0/Assets
GfxDevice: creating device client; threaded=0
Direct3D:
    Version:  Direct3D 11.0 [level 11.1]
    Renderer: NVIDIA GeForce GTX 1060 6GB (ID=0x1c03)
    Vendor:   
    VRAM:     6052 MB
    Driver:   30.0.14.9729
Initialize mono
Mono path[0] = 'C:/Program Files/Unity/Hub/Editor/2020.2.6f1/Editor/Data/Managed'
Mono path[1] = 'C:/Program Files/Unity/Hub/Editor/2020.2.6f1/Editor/Data/MonoBleedingEdge/lib/mono/unityjit'
Mono config path = 'C:/Program Files/Unity/Hub/Editor/2020.2.6f1/Editor/Data/MonoBleedingEdge/etc'
Using monoOptions --debugger-agent=transport=dt_socket,embedding=1,server=y,suspend=n,address=127.0.0.1:56500
Begin MonoManager ReloadAssembly
Registering precompiled unity dll's ...
Register platform support module: C:/Program Files/Unity/Hub/Editor/2020.2.6f1/Editor/Data/PlaybackEngines/WindowsStandaloneSupport/UnityEditor.WindowsStandalone.Extensions.dll
Registered in 0.002495 seconds.
Native extension for WindowsStandalone target not found
Refreshing native plugins compatible for Editor in 44.55 ms, found 1 plugins.
Preloading 0 native plugins for Editor in 0.00 ms.
Invoked RoslynAnalysisRunner static constructor.
RoslynAnalysisRunner will not be running.
RoslynAnalysisRunner has terminated.
Mono: successfully reloaded assembly
- Completed reload, in  2.613 seconds
Platform modules already initialized, skipping
Registering precompiled user dll's ...
Registered in 0.002998 seconds.
Begin MonoManager ReloadAssembly
Native extension for WindowsStandalone target not found
Refreshing native plugins compatible for Editor in 44.63 ms, found 1 plugins.
Preloading 0 native plugins for Editor in 0.00 ms.
Invoked RoslynAnalysisRunner static constructor.
RoslynAnalysisRunner will not be running.
RoslynAnalysisRunner has terminated.
Find all reader and writers took 206 milliseconds
Script Module: UnityEngine.UI.dll
Weave behaviours and messages took 186 milliseconds
Find all reader and writers took 174 milliseconds
Script Module: UnityEngine.TestRunner.dll
Weave behaviours and messages took 65 milliseconds
Find all reader and writers took 199 milliseconds
Script Module: Unity.Mathematics.dll
Weave behaviours and messages took 598 milliseconds
Find all reader and writers took 177 milliseconds
Script Module: Unity.2D.Animation.Triangle.Runtime.dll
Weave behaviours and messages took 118 milliseconds
Find all reader and writers took 180 milliseconds
Script Module: SimpleWebTransport.dll
Weave behaviours and messages took 17 milliseconds
Find all reader and writers took 183 milliseconds
Script Module: Unity.Timeline.dll
Weave behaviours and messages took 92 milliseconds
Find all reader and writers took 218 milliseconds
Script Module: Unity.TextMeshPro.dll
Weave behaviours and messages took 218 milliseconds
Find all reader and writers took 166 milliseconds
Script Module: Unity.2D.Animation.Runtime.dll
Weave behaviours and messages took 17 milliseconds
Find all reader and writers took 173 milliseconds
Script Module: Unity.2D.IK.Runtime.dll
Weave behaviours and messages took 12 milliseconds
Find all reader and writers took 174 milliseconds
Script Module: Unity.2D.SpriteShape.Runtime.dll
Weave behaviours and messages took 67 milliseconds
Find all reader and writers took 168 milliseconds
Script Module: kcp2k.dll
Weave behaviours and messages took 23 milliseconds
Find all reader and writers took 176 milliseconds
Script Module: Telepathy.dll
Weave behaviours and messages took 7 milliseconds
Find all reader and writers took 177 milliseconds
Script Module: Unity.2D.PixelPerfect.dll
Weave behaviours and messages took 4 milliseconds
Find all reader and writers took 171 milliseconds
Script Module: where-allocations.dll
Weave behaviours and messages took 0 milliseconds
Find all reader and writers took 171 milliseconds
Script Module: Unity.2D.Common.Runtime.dll
Weave behaviours and messages took 0 milliseconds
Find all reader and writers took 168 milliseconds
Script Module: Unity.InternalAPIEngineBridge.001.dll
Weave behaviours and messages took 0 milliseconds
Find all reader and writers took 276 milliseconds
Script Module: UnityEditor.TestRunner.dll
Weave behaviours and messages took 107 milliseconds
Find all reader and writers took 244 milliseconds
Script Module: UnityEditor.UI.dll
Weave behaviours and messages took 37 milliseconds
Find all reader and writers took 206 milliseconds
Script Module: PsdPlugin.dll
Weave behaviours and messages took 43 milliseconds
Find all reader and writers took 222 milliseconds
Script Module: ParrelSync.dll
Weave behaviours and messages took 7 milliseconds
