Using pre-set license
Built from '2020.2/staging' branch; Version is '2020.2.6f1 (8a2143876886) revision 9052483'; Using compiler version '192528614'; Build Type 'Release'
OS: 'Windows 10 Home; OS build 19043.1526; Version 2009; 64bit' Language: 'en' Physical Memory: 16335 MB
BatchMode: 1, IsHumanControllingUs: 0, StartBugReporterOnCrash: 0, Is64bit: 1, IsPro: 0

 COMMAND LINE ARGUMENTS:
C:\Program Files\Unity\Hub\Editor\2020.2.6f1\Editor\Unity.exe
-adb2
-batchMode
-noUpm
-name
AssetImportWorker1
-projectPath
D:/Unity Projects/Acrado 2.0
-logFile
Logs/AssetImportWorker1.log
-srvPort
62901
Successfully changed project path to: D:/Unity Projects/Acrado 2.0
D:/Unity Projects/Acrado 2.0
Using Asset Import Pipeline V2.
Refreshing native plugins compatible for Editor in 45.43 ms, found 1 plugins.
Preloading 0 native plugins for Editor in 0.00 ms.
Initialize engine version: 2020.2.6f1 (8a2143876886)
[Subsystems] Discovering subsystems at path C:/Program Files/Unity/Hub/Editor/2020.2.6f1/Editor/Data/Resources/UnitySubsystems
[Subsystems] Discovering subsystems at path D:/Unity Projects/Acrado 2.0/Assets
GfxDevice: creating device client; threaded=0
Direct3D:
    Version:  Direct3D 11.0 [level 11.1]
    Renderer: NVIDIA GeForce GTX 1060 6GB (ID=0x1c03)
    Vendor:   
    VRAM:     6052 MB
    Driver:   30.0.14.9729
Initialize mono
Mono path[0] = 'C:/Program Files/Unity/Hub/Editor/2020.2.6f1/Editor/Data/Managed'
Mono path[1] = 'C:/Program Files/Unity/Hub/Editor/2020.2.6f1/Editor/Data/MonoBleedingEdge/lib/mono/unityjit'
Mono config path = 'C:/Program Files/Unity/Hub/Editor/2020.2.6f1/Editor/Data/MonoBleedingEdge/etc'
Using monoOptions --debugger-agent=transport=dt_socket,embedding=1,server=y,suspend=n,address=127.0.0.1:56448
Begin MonoManager ReloadAssembly
Registering precompiled unity dll's ...
Register platform support module: C:/Program Files/Unity/Hub/Editor/2020.2.6f1/Editor/Data/PlaybackEngines/WindowsStandaloneSupport/UnityEditor.WindowsStandalone.Extensions.dll
Registered in 0.002452 seconds.
Native extension for WindowsStandalone target not found
Refreshing native plugins compatible for Editor in 50.43 ms, found 1 plugins.
Preloading 0 native plugins for Editor in 0.00 ms.
Invoked RoslynAnalysisRunner static constructor.
RoslynAnalysisRunner will not be running.
RoslynAnalysisRunner has terminated.
Mono: successfully reloaded assembly
- Completed reload, in  2.768 seconds
Platform modules already initialized, skipping
Registering precompiled user dll's ...
Registered in 0.002424 seconds.
Begin MonoManager ReloadAssembly
Native extension for WindowsStandalone target not found
Refreshing native plugins compatible for Editor in 45.89 ms, found 1 plugins.
Preloading 0 native plugins for Editor in 0.00 ms.
Invoked RoslynAnalysisRunner static constructor.
RoslynAnalysisRunner will not be running.
RoslynAnalysisRunner has terminated.
Find all reader and writers took 208 milliseconds
Script Module: UnityEngine.UI.dll
Weave behaviours and messages took 183 milliseconds
Find all reader and writers took 184 milliseconds
Script Module: UnityEngine.TestRunner.dll
Weave behaviours and messages took 66 milliseconds
Find all reader and writers took 216 milliseconds
Script Module: Unity.Mathematics.dll
Weave behaviours and messages took 609 milliseconds
Find all reader and writers took 176 milliseconds
Script Module: Unity.2D.Animation.Triangle.Runtime.dll
Weave behaviours and messages took 93 milliseconds
Find all reader and writers took 175 milliseconds
Script Module: SimpleWebTransport.dll
Weave behaviours and messages took 20 milliseconds
Find all reader and writers took 179 milliseconds
Script Module: Unity.Timeline.dll
Weave behaviours and messages took 85 milliseconds
Find all reader and writers took 221 milliseconds
Script Module: Unity.TextMeshPro.dll
Weave behaviours and messages took 219 milliseconds
Find all reader and writers took 166 milliseconds
Script Module: Unity.2D.Animation.Runtime.dll
Weave behaviours and messages took 17 milliseconds
Find all reader and writers took 175 milliseconds
Script Module: Unity.2D.IK.Runtime.dll
Weave behaviours and messages took 14 milliseconds
Find all reader and writers took 178 milliseconds
Script Module: Unity.2D.SpriteShape.Runtime.dll
Weave behaviours and messages took 67 milliseconds
Find all reader and writers took 175 milliseconds
Script Module: kcp2k.dll
Weave behaviours and messages took 14 milliseconds
Find all reader and writers took 185 milliseconds
Script Module: Telepathy.dll
Weave behaviours and messages took 7 milliseconds
Find all reader and writers took 198 milliseconds
Script Module: Unity.2D.PixelPerfect.dll
Weave behaviours and messages took 4 milliseconds
Find all reader and writers took 180 milliseconds
Script Module: where-allocations.dll
Weave behaviours and messages took 0 milliseconds
Find all reader and writers took 172 milliseconds
Script Module: Unity.2D.Common.Runtime.dll
Weave behaviours and messages took 0 milliseconds
Find all reader and writers took 178 milliseconds
Script Module: Unity.InternalAPIEngineBridge.001.dll
Weave behaviours and messages took 0 milliseconds
Find all reader and writers took 252 milliseconds
Script Module: UnityEditor.TestRunner.dll
Weave behaviours and messages took 112 milliseconds
Find all reader and writers took 251 milliseconds
Script Module: UnityEditor.UI.dll
Weave behaviours and messages took 35 milliseconds
Find all reader and writers took 203 milliseconds
Script Module: PsdPlugin.dll
Weave behaviours and messages took 44 milliseconds
Find all reader and writers took 238 milliseconds
Script Module: ParrelSync.dll
Weave behaviours and messages took 7 milliseconds
Find all reader and writers took 196 milliseconds
Script Module: Mirror.CompilerSymbols.dll
Weave behaviours and messages took 0 milliseconds
Find all reader and writers took 260 milliseconds
Script Module: Unity.InternalAPIEditorBridge.001.dll
Weave behaviours and messages took 4 milliseconds
Mono: successfully reloaded assembly
- Completed reload, in 14.568 seconds
Platform modules already initialized, skipping
========================================================================
Worker process is ready to serve import requests
Launched and connected shader compiler UnityShaderCompiler.exe after 0.10 seconds
Refreshing native plugins compatible for Editor in 0.47 ms, found 1 plugins.
Preloading 0 native plugins for Editor in 0.00 ms.
Unloading 2117 Unused Serialized files (Serialized files now loaded: 0)
System memory in use before: 95.6 MB.
System memory in use after: 95.5 MB.

Unloading 29 unused Assets to reduce memory usage. Loaded Objects now: 2558.
Total: 5.459400 ms (FindLiveObjects: 0.368600 ms CreateObjectMapping: 0.079000 ms MarkObjects: 4.843300 ms  DeleteObjects: 0.166800 ms)

========================================================================
Received Import Request.
  path: Assets/Scripts/Cards/CardEffects/CardEffect.cs
  artifactKey: Guid(a5f569ce46decf244842e4da1f578bb7) Importer(815301076,1909f56bfc062723c751e8b465ee728b)
Start importing Assets/Scripts/Cards/CardEffects/CardEffect.cs using Guid(a5f569ce46decf244842e4da1f578bb7) Importer(815301076,1909f56bfc062723c751e8b465ee728b)  -> (artifact id: '00000000000000000000000000000000') in 0.045520 seconds
  ERROR: Build asset version error: assets/scripts/cards/cardeffects/cardeffect.cs in SourceAssetDB has modification time of '2022-03-07T14:43:04.6492427Z' while content on disk has modification time of '2022-03-07T14:43:47.2148285Z'
  Import took 0.049223 seconds .

========================================================================
Received Import Request.
  Time since last request: 0.238708 seconds.
  path: Assets/Scripts/Cards/CardEffects/CardEffect.cs
  artifactKey: Guid(a5f569ce46decf244842e4da1f578bb7) Importer(815301076,1909f56bfc062723c751e8b465ee728b)
Start importing Assets/Scripts/Cards/CardEffects/CardEffect.cs using Guid(a5f569ce46decf244842e4da1f578bb7) Importer(815301076,1909f56bfc062723c751e8b465ee728b)  -> (artifact id: '39b4aad1e9c627b91453bea7a6fe0a85') in 0.011685 seconds
  Import took 0.242498 seconds .

========================================================================
Received Prepare
Registering precompiled user dll's ...
Registered in 0.002811 seconds.
Begin MonoManager ReloadAssembly
Native extension for WindowsStandalone target not found
Refreshing native plugins compatible for Editor in 0.52 ms, found 1 plugins.
Preloading 0 native plugins for Editor in 0.00 ms.
Invoked RoslynAnalysisRunner static constructor.
RoslynAnalysisRunner will not be running.
RoslynAnalysisRunner has terminated.
Mono: successfully reloaded assembly
- Completed reload, in  1.063 seconds
Platform modules already initialized, skipping
Refreshing native plugins compatible for Editor in 0.47 ms, found 1 plugins.
Preloading 0 native plugins for Editor in 0.00 ms.
Unloading 2099 Unused Serialized files (Serialized files now loaded: 0)
System memory in use before: 94.5 MB.
System memory in use after: 94.5 MB.

Unloading 17 unused Assets to reduce memory usage. Loaded Objects now: 2561.
Total: 2.320300 ms (FindLiveObjects: 0.253300 ms CreateObjectMapping: 0.051800 ms MarkObjects: 1.885900 ms  DeleteObjects: 0.128200 ms)

========================================================================
Received Import Request.
  Time since last request: 1600.951450 seconds.
  path: Assets/Scripts/Cards/Card.cs
  artifactKey: Guid(cc7ce94397844f44286c65122f07daa9) Importer(815301076,1909f56bfc062723c751e8b465ee728b)
Start importing Assets/Scripts/Cards/Card.cs using Guid(cc7ce94397844f44286c65122f07daa9) Importer(815301076,1909f56bfc062723c751e8b465ee728b)  -> (artifact id: '7ea5ab1b6d464664e39673fac9405d00') in 0.025883 seconds
  Import took 0.046686 seconds .

========================================================================
Received Import Request.
  Time since last request: 41.702991 seconds.
  path: Assets/Scripts/Cards/CardAttack.cs
  artifactKey: Guid(06031c5dd3994a14582f05afbd393c22) Importer(815301076,1909f56bfc062723c751e8b465ee728b)
Start importing Assets/Scripts/Cards/CardAttack.cs using Guid(06031c5dd3994a14582f05afbd393c22) Importer(815301076,1909f56bfc062723c751e8b465ee728b)  -> (artifact id: '8870a67b4de0fed04fafe6670e82cc3b') in 0.010743 seconds
  Import took 0.030543 seconds .

========================================================================
Received Prepare
Registering precompiled user dll's ...
Registered in 0.002940 seconds.
Begin MonoManager ReloadAssembly
Native extension for WindowsStandalone target not found
Refreshing native plugins compatible for Editor in 0.94 ms, found 1 plugins.
Preloading 0 native plugins for Editor in 0.00 ms.
Invoked RoslynAnalysisRunner static constructor.
RoslynAnalysisRunner will not be running.
RoslynAnalysisRunner has terminated.
Mono: successfully reloaded assembly
- Completed reload, in  1.197 seconds
Platform modules already initialized, skipping
Refreshing native plugins compatible for Editor in 0.58 ms, found 1 plugins.
Preloading 0 native plugins for Editor in 0.00 ms.
Unloading 2100 Unused Serialized files (Serialized files now loaded: 0)
System memory in use before: 94.6 MB.
System memory in use after: 94.6 MB.

Unloading 17 unused Assets to reduce memory usage. Loaded Objects now: 2565.
Total: 2.516500 ms (FindLiveObjects: 0.300900 ms CreateObjectMapping: 0.056500 ms MarkObjects: 2.028900 ms  DeleteObjects: 0.128900 ms)

========================================================================
Received Prepare
Registering precompiled user dll's ...
Registered in 0.002402 seconds.
Begin MonoManager ReloadAssembly
Native extension for WindowsStandalone target not found
Refreshing native plugins compatible for Editor in 0.52 ms, found 1 plugins.
Preloading 0 native plugins for Editor in 0.00 ms.
Invoked RoslynAnalysisRunner static constructor.
RoslynAnalysisRunner will not be running.
RoslynAnalysisRunner has terminated.
Mono: successfully reloaded assembly
- Completed reload, in  1.052 seconds
Platform modules already initialized, skipping
Refreshing native plugins compatible for Editor in 0.59 ms, found 1 plugins.
Preloading 0 native plugins for Editor in 0.00 ms.
Unloading 2100 Unused Serialized files (Serialized files now loaded: 0)
System memory in use before: 94.6 MB.
System memory in use after: 94.6 MB.

Unloading 17 unused Assets to reduce memory usage. Loaded Objects now: 2568.
Total: 2.492500 ms (FindLiveObjects: 0.242700 ms CreateObjectMapping: 0.047700 ms MarkObjects: 2.067900 ms  DeleteObjects: 0.132700 ms)

========================================================================
Received Import Request.
  Time since last request: 13.862871 seconds.
  path: Assets/Resources/Prefabs/Cards/Card.prefab
  artifactKey: Guid(ee74bdeaa8319c74cb8f2ee08071a235) Importer(815301076,1909f56bfc062723c751e8b465ee728b)
Start importing Assets/Resources/Prefabs/Cards/Card.prefab using Guid(ee74bdeaa8319c74cb8f2ee08071a235) Importer(815301076,1909f56bfc062723c751e8b465ee728b)  -> (artifact id: 'd03a01680b9df477e682ea53657199fb') in 0.172394 seconds
  Import took 0.195612 seconds .

========================================================================
Received Prepare
Registering precompiled user dll's ...
Registered in 0.002337 seconds.
Begin MonoManager ReloadAssembly
Native extension for WindowsStandalone target not found
Refreshing native plugins compatible for Editor in 0.49 ms, found 1 plugins.
Preloading 0 native plugins for Editor in 0.00 ms.
Invoked RoslynAnalysisRunner static constructor.
RoslynAnalysisRunner will not be running.
RoslynAnalysisRunner has terminated.
Mono: successfully reloaded assembly
- Completed reload, in  1.050 seconds
Platform modules already initialized, skipping
Refreshing native plugins compatible for Editor in 0.54 ms, found 1 plugins.
Preloading 0 native plugins for Editor in 0.00 ms.
Unloading 2100 Unused Serialized files (Serialized files now loaded: 0)
System memory in use before: 94.7 MB.
System memory in use after: 94.7 MB.

Unloading 18 unused Assets to reduce memory usage. Loaded Objects now: 2571.
Total: 2.378700 ms (FindLiveObjects: 0.248600 ms CreateObjectMapping: 0.049900 ms MarkObjects: 1.929300 ms  DeleteObjects: 0.150100 ms)

========================================================================
Received Import Request.
  Time since last request: 1165.916533 seconds.
  path: Assets/Resources/Prefabs/Cards/Card.prefab
  artifactKey: Guid(ee74bdeaa8319c74cb8f2ee08071a235) Importer(815301076,1909f56bfc062723c751e8b465ee728b)
Start importing Assets/Resources/Prefabs/Cards/Card.prefab using Guid(ee74bdeaa8319c74cb8f2ee08071a235) Importer(815301076,1909f56bfc062723c751e8b465ee728b)  -> (artifact id: '90d80f82a224e57b00a8b567447b58f2') in 0.104363 seconds
  Import took 0.108857 seconds .

========================================================================
Received Prepare
Registering precompiled user dll's ...
Registered in 0.003257 seconds.
Begin MonoManager ReloadAssembly
Native extension for WindowsStandalone target not found
Refreshing native plugins compatible for Editor in 0.72 ms, found 1 plugins.
Preloading 0 native plugins for Editor in 0.00 ms.
Invoked RoslynAnalysisRunner static constructor.
RoslynAnalysisRunner will not be running.
RoslynAnalysisRunner has terminated.
Mono: successfully reloaded assembly
- Completed reload, in  1.098 seconds
Platform modules already initialized, skipping
Refreshing native plugins compatible for Editor in 0.55 ms, found 1 plugins.
Preloading 0 native plugins for Editor in 0.00 ms.
Unloading 2100 Unused Serialized files (Serialized files now loaded: 0)
System memory in use before: 94.7 MB.
System memory in use after: 94.7 MB.

Unloading 18 unused Assets to reduce memory usage. Loaded Objects now: 2574.
Total: 2.752300 ms (FindLiveObjects: 0.435100 ms CreateObjectMapping: 0.072200 ms MarkObjects: 2.090500 ms  DeleteObjects: 0.152800 ms)

========================================================================
Received Prepare
Registering precompiled user dll's ...
Registered in 0.002666 seconds.
Begin MonoManager ReloadAssembly
Native extension for WindowsStandalone target not found
Refreshing native plugins compatible for Editor in 0.54 ms, found 1 plugins.
Preloading 0 native plugins for Editor in 0.00 ms.
Invoked RoslynAnalysisRunner static constructor.
RoslynAnalysisRunner will not be running.
RoslynAnalysisRunner has terminated.
Mono: successfully reloaded assembly
- Completed reload, in  1.100 seconds
Platform modules already initialized, skipping
Refreshing native plugins compatible for Editor in 0.51 ms, found 1 plugins.
Preloading 0 native plugins for Editor in 0.00 ms.
Unloading 2100 Unused Serialized files (Serialized files now loaded: 0)
System memory in use before: 94.7 MB.
System memory in use after: 94.7 MB.

Unloading 17 unused Assets to reduce memory usage. Loaded Objects now: 2577.
Total: 2.809800 ms (FindLiveObjects: 0.269600 ms CreateObjectMapping: 0.049100 ms MarkObjects: 2.346500 ms  DeleteObjects: 0.143000 ms)

========================================================================
Received Prepare
Registering precompiled user dll's ...
Registered in 0.002743 seconds.
Begin MonoManager ReloadAssembly
Native extension for WindowsStandalone target not found
Refreshing native plugins compatible for Editor in 0.50 ms, found 1 plugins.
Preloading 0 native plugins for Editor in 0.00 ms.
Invoked RoslynAnalysisRunner static constructor.
RoslynAnalysisRunner will not be running.
RoslynAnalysisRunner has terminated.
Mono: successfully reloaded assembly
- Completed reload, in  1.271 seconds
Platform modules already initialized, skipping
Refreshing native plugins compatible for Editor in 0.66 ms, found 1 plugins.
Preloading 0 native plugins for Editor in 0.00 ms.
Unloading 2100 Unused Serialized files (Serialized files now loaded: 0)
System memory in use before: 94.7 MB.
System memory in use after: 94.7 MB.

Unloading 17 unused Assets to reduce memory usage. Loaded Objects now: 2580.
Total: 3.512600 ms (FindLiveObjects: 0.311700 ms CreateObjectMapping: 0.052600 ms MarkObjects: 2.976200 ms  DeleteObjects: 0.169300 ms)

========================================================================
Received Import Request.
  Time since last request: 173.315614 seconds.
  path: Assets/Resources/Prefabs/Cards/Card.prefab
  artifactKey: Guid(ee74bdeaa8319c74cb8f2ee08071a235) Importer(815301076,1909f56bfc062723c751e8b465ee728b)
Start importing Assets/Resources/Prefabs/Cards/Card.prefab using Guid(ee74bdeaa8319c74cb8f2ee08071a235) Importer(815301076,1909f56bfc062723c751e8b465ee728b)  -> (artifact id: '4ec8ed166e528c04aae6691b227ae4fa') in 0.101080 seconds
  Import took 0.163970 seconds .

========================================================================
Received Import Request.
  Time since last request: 25.267748 seconds.
  path: Assets/Resources/Prefabs/Cards/Card.prefab
  artifactKey: Guid(ee74bdeaa8319c74cb8f2ee08071a235) Importer(815301076,1909f56bfc062723c751e8b465ee728b)
Start importing Assets/Resources/Prefabs/Cards/Card.prefab using Guid(ee74bdeaa8319c74cb8f2ee08071a235) Importer(815301076,1909f56bfc062723c751e8b465ee728b)  -> (artifact id: '5130f2b78727e4fdb420b33de18b6f84') in 0.036756 seconds
  Import took 0.057586 seconds .

========================================================================
Received Prepare
Registering precompiled user dll's ...
Registered in 0.002319 seconds.
Begin MonoManager ReloadAssembly
Native extension for WindowsStandalone target not found
Refreshing native plugins compatible for Editor in 0.51 ms, found 1 plugins.
Preloading 0 native plugins for Editor in 0.00 ms.
Invoked RoslynAnalysisRunner static constructor.
RoslynAnalysisRunner will not be running.
RoslynAnalysisRunner has terminated.
Mono: successfully reloaded assembly
- Completed reload, in  1.062 seconds
Platform modules already initialized, skipping
Refreshing native plugins compatible for Editor in 0.55 ms, found 1 plugins.
Preloading 0 native plugins for Editor in 0.00 ms.
Unloading 2100 Unused Serialized files (Serialized files now loaded: 0)
System memory in use before: 94.7 MB.
System memory in use after: 94.7 MB.

Unloading 18 unused Assets to reduce memory usage. Loaded Objects now: 2583.
Total: 3.279100 ms (FindLiveObjects: 0.305600 ms CreateObjectMapping: 0.048300 ms MarkObjects: 2.745700 ms  DeleteObjects: 0.178400 ms)

========================================================================
Received Import Request.
  Time since last request: 56.901952 seconds.
  path: Assets/Resources/Prefabs/Cards/Card.prefab
  artifactKey: Guid(ee74bdeaa8319c74cb8f2ee08071a235) Importer(815301076,1909f56bfc062723c751e8b465ee728b)
Start importing Assets/Resources/Prefabs/Cards/Card.prefab using Guid(ee74bdeaa8319c74cb8f2ee08071a235) Importer(815301076,1909f56bfc062723c751e8b465ee728b)  -> (artifact id: '3ee89881bf92bdefc6bd2b483655bd34') in 0.113892 seconds
  Import took 0.118428 seconds .

========================================================================
Received Prepare
Registering precompiled user dll's ...
Registered in 0.002552 seconds.
Begin MonoManager ReloadAssembly
Native extension for WindowsStandalone target not found
Refreshing native plugins compatible for Editor in 0.75 ms, found 1 plugins.
Preloading 0 native plugins for Editor in 0.00 ms.
Invoked RoslynAnalysisRunner static constructor.
RoslynAnalysisRunner will not be running.
RoslynAnalysisRunner has terminated.
Mono: successfully reloaded assembly
- Completed reload, in  1.361 seconds
Platform modules already initialized, skipping
Refreshing native plugins compatible for Editor in 0.58 ms, found 1 plugins.
Preloading 0 native plugins for Editor in 0.00 ms.
Unloading 2100 Unused Serialized files (Serialized files now loaded: 0)
System memory in use before: 94.7 MB.
System memory in use after: 94.7 MB.

Unloading 18 unused Assets to reduce memory usage. Loaded Objects now: 2586.
Total: 3.650300 ms (FindLiveObjects: 0.290800 ms CreateObjectMapping: 0.055200 ms MarkObjects: 3.156500 ms  DeleteObjects: 0.145300 ms)

========================================================================
Received Import Request.
  Time since last request: 47.477501 seconds.
  path: ProjectSettings/TagManager.asset
  artifactKey: Guid(00000000000000003000000000000000) Importer(815301076,1909f56bfc062723c751e8b465ee728b)
Start importing ProjectSettings/TagManager.asset using Guid(00000000000000003000000000000000) Importer(815301076,1909f56bfc062723c751e8b465ee728b)  -> (artifact id: '20b9da0e68e03c11f26bd74a6d1f5a3f') in 0.024653 seconds
  Import took 0.162734 seconds .

========================================================================
Received Import Request.
  Time since last request: 7.931641 seconds.
  path: Assets/Resources/Prefabs/Cards/Card.prefab
  artifactKey: Guid(ee74bdeaa8319c74cb8f2ee08071a235) Importer(815301076,1909f56bfc062723c751e8b465ee728b)
Start importing Assets/Resources/Prefabs/Cards/Card.prefab using Guid(ee74bdeaa8319c74cb8f2ee08071a235) Importer(815301076,1909f56bfc062723c751e8b465ee728b)  -> (artifact id: '90d2a3670854f2e8dc1079a5b3517a0d') in 0.099472 seconds
  Import took 0.103658 seconds .

========================================================================
Received Prepare
Registering precompiled user dll's ...
Registered in 0.002414 seconds.
Begin MonoManager ReloadAssembly
Native extension for WindowsStandalone target not found
Refreshing native plugins compatible for Editor in 0.51 ms, found 1 plugins.
Preloading 0 native plugins for Editor in 0.00 ms.
Invoked RoslynAnalysisRunner static constructor.
RoslynAnalysisRunner will not be running.
RoslynAnalysisRunner has terminated.
Mono: successfully reloaded assembly
- Completed reload, in  1.015 seconds
Platform modules already initialized, skipping
Refreshing native plugins compatible for Editor in 0.52 ms, found 1 plugins.
Preloading 0 native plugins for Editor in 0.00 ms.
Unloading 2100 Unused Serialized files (Serialized files now loaded: 0)
System memory in use before: 94.7 MB.
System memory in use after: 94.7 MB.

Unloading 19 unused Assets to reduce memory usage. Loaded Objects now: 2589.
Total: 2.477000 ms (FindLiveObjects: 0.245000 ms CreateObjectMapping: 0.051800 ms MarkObjects: 2.032600 ms  DeleteObjects: 0.146600 ms)

========================================================================
Received Prepare
Registering precompiled user dll's ...
Registered in 0.002312 seconds.
Begin MonoManager ReloadAssembly
Native extension for WindowsStandalone target not found
Refreshing native plugins compatible for Editor in 0.74 ms, found 1 plugins.
Preloading 0 native plugins for Editor in 0.00 ms.
Invoked RoslynAnalysisRunner static constructor.
RoslynAnalysisRunner will not be running.
RoslynAnalysisRunner has terminated.
Mono: successfully reloaded assembly
- Completed reload, in  1.044 seconds
Platform modules already initialized, skipping
Refreshing native plugins compatible for Editor in 0.83 ms, found 1 plugins.
Preloading 0 native plugins for Editor in 0.00 ms.
Unloading 2100 Unused Serialized files (Serialized files now loaded: 0)
System memory in use before: 94.7 MB.
System memory in use after: 94.7 MB.

Unloading 17 unused Assets to reduce memory usage. Loaded Objects now: 2592.
Total: 2.428400 ms (FindLiveObjects: 0.238800 ms CreateObjectMapping: 0.048600 ms MarkObjects: 1.995000 ms  DeleteObjects: 0.144400 ms)

========================================================================
Received Prepare
Registering precompiled user dll's ...
Registered in 0.002342 seconds.
Begin MonoManager ReloadAssembly
Native extension for WindowsStandalone target not found
Refreshing native plugins compatible for Editor in 0.49 ms, found 1 plugins.
Preloading 0 native plugins for Editor in 0.00 ms.
Invoked RoslynAnalysisRunner static constructor.
RoslynAnalysisRunner will not be running.
RoslynAnalysisRunner has terminated.
Mono: successfully reloaded assembly
- Completed reload, in  1.060 seconds
Platform modules already initialized, skipping
Refreshing native plugins compatible for Editor in 0.51 ms, found 1 plugins.
Preloading 0 native plugins for Editor in 0.00 ms.
Unloading 2100 Unused Serialized files (Serialized files now loaded: 0)
System memory in use before: 94.8 MB.
System memory in use after: 94.7 MB.

Unloading 17 unused Assets to reduce memory usage. Loaded Objects now: 2595.
Total: 3.638600 ms (FindLiveObjects: 0.382100 ms CreateObjectMapping: 0.093700 ms MarkObjects: 3.018700 ms  DeleteObjects: 0.142300 ms)

========================================================================
Received Prepare
Registering precompiled user dll's ...
Registered in 0.002690 seconds.
Begin MonoManager ReloadAssembly
Native extension for WindowsStandalone target not found
Refreshing native plugins compatible for Editor in 0.49 ms, found 1 plugins.
Preloading 0 native plugins for Editor in 0.00 ms.
Invoked RoslynAnalysisRunner static constructor.
RoslynAnalysisRunner will not be running.
RoslynAnalysisRunner has terminated.
Mono: successfully reloaded assembly
- Completed reload, in  1.120 seconds
Platform modules already initialized, skipping
Refreshing native plugins compatible for Editor in 0.57 ms, found 1 plugins.
Preloading 0 native plugins for Editor in 0.00 ms.
Unloading 2100 Unused Serialized files (Serialized files now loaded: 0)
System memory in use before: 94.8 MB.
System memory in use after: 94.8 MB.

Unloading 17 unused Assets to reduce memory usage. Loaded Objects now: 2598.
Total: 2.484300 ms (FindLiveObjects: 0.261900 ms CreateObjectMapping: 0.050800 ms MarkObjects: 2.029500 ms  DeleteObjects: 0.140800 ms)

========================================================================
Received Prepare
Registering precompiled user dll's ...
Registered in 0.002343 seconds.
Begin MonoManager ReloadAssembly
Native extension for WindowsStandalone target not found
Refreshing native plugins compatible for Editor in 0.52 ms, found 1 plugins.
Preloading 0 native plugins for Editor in 0.00 ms.
Invoked RoslynAnalysisRunner static constructor.
RoslynAnalysisRunner will not be running.
RoslynAnalysisRunner has terminated.
Mono: successfully reloaded assembly
- Completed reload, in  1.047 seconds
Platform modules already initialized, skipping
Refreshing native plugins compatible for Editor in 0.50 ms, found 1 plugins.
Preloading 0 native plugins for Editor in 0.00 ms.
Unloading 2100 Unused Serialized files (Serialized files now loaded: 0)
System memory in use before: 94.8 MB.
System memory in use after: 94.8 MB.

Unloading 17 unused Assets to reduce memory usage. Loaded Objects now: 2601.
Total: 2.200700 ms (FindLiveObjects: 0.247600 ms CreateObjectMapping: 0.049400 ms MarkObjects: 1.762500 ms  DeleteObjects: 0.139800 ms)

========================================================================
Received Prepare
Registering precompiled user dll's ...
Registered in 0.002195 seconds.
Begin MonoManager ReloadAssembly
Native extension for WindowsStandalone target not found
Refreshing native plugins compatible for Editor in 0.47 ms, found 1 plugins.
Preloading 0 native plugins for Editor in 0.00 ms.
Invoked RoslynAnalysisRunner static constructor.
RoslynAnalysisRunner will not be running.
RoslynAnalysisRunner has terminated.
Mono: successfully reloaded assembly
- Completed reload, in  1.046 seconds
Platform modules already initialized, skipping
Refreshing native plugins compatible for Editor in 0.57 ms, found 1 plugins.
Preloading 0 native plugins for Editor in 0.00 ms.
Unloading 2100 Unused Serialized files (Serialized files now loaded: 0)
System memory in use before: 94.8 MB.
System memory in use after: 94.8 MB.

Unloading 17 unused Assets to reduce memory usage. Loaded Objects now: 2604.
Total: 2.461300 ms (FindLiveObjects: 0.277200 ms CreateObjectMapping: 0.048900 ms MarkObjects: 1.989800 ms  DeleteObjects: 0.144200 ms)

========================================================================
Received Prepare
Registering precompiled user dll's ...
Registered in 0.002403 seconds.
Begin MonoManager ReloadAssembly
Native extension for WindowsStandalone target not found
Refreshing native plugins compatible for Editor in 0.54 ms, found 1 plugins.
Preloading 0 native plugins for Editor in 0.00 ms.
Invoked RoslynAnalysisRunner static constructor.
RoslynAnalysisRunner will not be running.
RoslynAnalysisRunner has terminated.
Mono: successfully reloaded assembly
- Completed reload, in  1.042 seconds
Platform modules already initialized, skipping
Refreshing native plugins compatible for Editor in 0.50 ms, found 1 plugins.
Preloading 0 native plugins for Editor in 0.00 ms.
Unloading 2100 Unused Serialized files (Serialized files now loaded: 0)
System memory in use before: 94.8 MB.
System memory in use after: 94.8 MB.

Unloading 17 unused Assets to reduce memory usage. Loaded Objects now: 2607.
Total: 2.455000 ms (FindLiveObjects: 0.246500 ms CreateObjectMapping: 0.048600 ms MarkObjects: 2.016200 ms  DeleteObjects: 0.142500 ms)

========================================================================
Received Prepare
Registering precompiled user dll's ...
Registered in 0.002182 seconds.
Begin MonoManager ReloadAssembly
Native extension for WindowsStandalone target not found
Refreshing native plugins compatible for Editor in 0.47 ms, found 1 plugins.
Preloading 0 native plugins for Editor in 0.00 ms.
Invoked RoslynAnalysisRunner static constructor.
RoslynAnalysisRunner will not be running.
RoslynAnalysisRunner has terminated.
Mono: successfully reloaded assembly
- Completed reload, in  0.967 seconds
Platform modules already initialized, skipping
Refreshing native plugins compatible for Editor in 0.49 ms, found 1 plugins.
Preloading 0 native plugins for Editor in 0.00 ms.
Unloading 2100 Unused Serialized files (Serialized files now loaded: 0)
System memory in use before: 94.8 MB.
System memory in use after: 94.8 MB.

Unloading 17 unused Assets to reduce memory usage. Loaded Objects now: 2610.
Total: 2.408800 ms (FindLiveObjects: 0.245400 ms CreateObjectMapping: 0.048300 ms MarkObjects: 1.974100 ms  DeleteObjects: 0.140000 ms)

========================================================================
Received Prepare
Registering precompiled user dll's ...
Registered in 0.002711 seconds.
Begin MonoManager ReloadAssembly
Native extension for WindowsStandalone target not found
Refreshing native plugins compatible for Editor in 0.88 ms, found 1 plugins.
Preloading 0 native plugins for Editor in 0.00 ms.
Invoked RoslynAnalysisRunner static constructor.
RoslynAnalysisRunner will not be running.
RoslynAnalysisRunner has terminated.
Mono: successfully reloaded assembly
- Completed reload, in  1.070 seconds
Platform modules already initialized, skipping
Refreshing native plugins compatible for Editor in 0.56 ms, found 1 plugins.
Preloading 0 native plugins for Editor in 0.00 ms.
Unloading 2100 Unused Serialized files (Serialized files now loaded: 0)
System memory in use before: 94.8 MB.
System memory in use after: 94.8 MB.

Unloading 17 unused Assets to reduce memory usage. Loaded Objects now: 2613.
Total: 2.400400 ms (FindLiveObjects: 0.253700 ms CreateObjectMapping: 0.049400 ms MarkObjects: 1.951700 ms  DeleteObjects: 0.144500 ms)

========================================================================
Received Import Request.
  Time since last request: 861.518580 seconds.
  path: Assets/Resources/Prefabs/Cards/Card.prefab
  artifactKey: Guid(ee74bdeaa8319c74cb8f2ee08071a235) Importer(815301076,1909f56bfc062723c751e8b465ee728b)
Start importing Assets/Resources/Prefabs/Cards/Card.prefab using Guid(ee74bdeaa8319c74cb8f2ee08071a235) Importer(815301076,1909f56bfc062723c751e8b465ee728b)  -> (artifact id: '6fa61b1b62bc89104f07985e2ca9e1b4') in 0.108470 seconds
  Import took 0.113674 seconds .

========================================================================
Received Prepare
Registering precompiled user dll's ...
Registered in 0.002256 seconds.
Begin MonoManager ReloadAssembly
Native extension for WindowsStandalone target not found
Refreshing native plugins compatible for Editor in 0.48 ms, found 1 plugins.
Preloading 0 native plugins for Editor in 0.00 ms.
Invoked RoslynAnalysisRunner static constructor.
RoslynAnalysisRunner will not be running.
RoslynAnalysisRunner has terminated.
Mono: successfully reloaded assembly
- Completed reload, in  0.985 seconds
Platform modules already initialized, skipping
Refreshing native plugins compatible for Editor in 0.70 ms, found 1 plugins.
Preloading 0 native plugins for Editor in 0.00 ms.
Unloading 2100 Unused Serialized files (Serialized files now loaded: 0)
System memory in use before: 94.8 MB.
System memory in use after: 94.8 MB.

Unloading 18 unused Assets to reduce memory usage. Loaded Objects now: 2616.
Total: 2.200700 ms (FindLiveObjects: 0.244700 ms CreateObjectMapping: 0.048000 ms MarkObjects: 1.767200 ms  DeleteObjects: 0.139800 ms)

========================================================================
Received Prepare
Registering precompiled user dll's ...
Registered in 0.002447 seconds.
Begin MonoManager ReloadAssembly
Native extension for WindowsStandalone target not found
Refreshing native plugins compatible for Editor in 0.86 ms, found 1 plugins.
Preloading 0 native plugins for Editor in 0.00 ms.
Invoked RoslynAnalysisRunner static constructor.
RoslynAnalysisRunner will not be running.
RoslynAnalysisRunner has terminated.
Mono: successfully reloaded assembly
- Completed reload, in  1.403 seconds
Platform modules already initialized, skipping
Refreshing native plugins compatible for Editor in 0.90 ms, found 1 plugins.
Preloading 0 native plugins for Editor in 0.00 ms.
Unloading 2100 Unused Serialized files (Serialized files now loaded: 0)
System memory in use before: 94.8 MB.
System memory in use after: 94.8 MB.

Unloading 17 unused Assets to reduce memory usage. Loaded Objects now: 2619.
Total: 3.356300 ms (FindLiveObjects: 0.384200 ms CreateObjectMapping: 0.141800 ms MarkObjects: 2.601400 ms  DeleteObjects: 0.226900 ms)

